C51 COMPILER V9.54   SERVO                                                                 03/20/2024 16:52:45 PAGE 1   


C51 COMPILER V9.54, COMPILATION OF MODULE SERVO
OBJECT MODULE PLACED IN .\Objects\Servo.obj
COMPILER INVOKED BY: D:\stm32\C51\BIN\C51.EXE Servo.c OPTIMIZE(8,SPEED) BROWSE DEBUG OBJECTEXTEND PRINT(.\Listings\Servo
                    -.lst) TABS(2) OBJECT(.\Objects\Servo.obj)

line level    source

   1          #include <REGX52.H>
   2          #include "Delay.h"
   3          
   4          static int k=0;
   5          sbit signal=P2^0;           //SG90PMW的引脚接线的时候要注意接到这个口
   6          
   7          //旋转度数的宏定义，更改旋转角度
   8          #define spin0 1
   9          #define spin45 2
  10          #define spin90 3
  11          #define spin135 4
  12          #define spin180 5
  13          unsigned int spin;
  14          
  15          void timer_init()       //0.5ms定时器初始化
  16          {
  17   1        
  18   1        TMOD &= 0xF0;           //定时器0工作模式16位计数器
  19   1        TMOD |= 0x01;               //允许定时器0中断
  20   1        TL0 = 0x33;             //开启定时器0中断
  21   1        TH0 = 0xFE;               //开启总中断
  22   1        TF0 = 0;
  23   1        TR0 = 1;
  24   1        ET0=1;
  25   1        EA=1;
  26   1        PT0=0;
  27   1      }
  28          
  29          void timer_close()
  30          {
  31   1        ET0=0;                //不允许定时器0中断
  32   1        TR0=0;                //关闭定时器0中断
  33   1        EA=0;                 //关闭总中断
  34   1      }
  35          
  36          void Timer0() interrupt 1
  37          {
  38   1        TR0=0;                //关闭计数
  39   1        k=k+1;
  40   1        TH0=0xFE;
  41   1        TL0=0x33;             //重置使得下次定时器只计时0.5ms
  42   1        if(k<=spin)
  43   1        {
  44   2          signal=1;
  45   2        }
  46   1        else
  47   1        {
  48   2          signal=0;
  49   2          if(k==40)
  50   2          {
  51   3            k=0;
  52   3          }
  53   2        }
  54   1        TR0=1;                //开启计数
C51 COMPILER V9.54   SERVO                                                                 03/20/2024 16:52:45 PAGE 2   

  55   1        
  56   1      }
  57          void delayms(int ms)
  58          {
  59   1        int i,j;
  60   1        for(j=ms;j>0;j--)
  61   1          for(i=110;i>0;i--);
  62   1      }
  63          void Unlock()
  64          {
  65   1          P2=0x00;
  66   1          timer_init();       //0.5ms定时器初始化
  67   1          spin=spin180;
  68   1          delayms(500);
  69   1          timer_close();      //关闭其中断
  70   1      }
  71          void Lock()
  72          {
  73   1        P2=0x00;
  74   1        timer_init();         //0.5ms定时器初始化
  75   1        spin=spin0;
  76   1        delayms(500);
  77   1        P2=0x00;
  78   1        timer_close();        //关闭其中断
  79   1      
  80   1      }
  81          


MODULE INFORMATION:   STATIC OVERLAYABLE
   CODE SIZE        =    163    ----
   CONSTANT SIZE    =   ----    ----
   XDATA SIZE       =   ----    ----
   PDATA SIZE       =   ----    ----
   DATA SIZE        =      4    ----
   IDATA SIZE       =   ----    ----
   BIT SIZE         =   ----    ----
END OF MODULE INFORMATION.


C51 COMPILATION COMPLETE.  0 WARNING(S),  0 ERROR(S)
