C51 COMPILER V9.54   TIMER0                                                                03/20/2024 17:20:58 PAGE 1   


C51 COMPILER V9.54, COMPILATION OF MODULE TIMER0
OBJECT MODULE PLACED IN .\Objects\Timer0.obj
COMPILER INVOKED BY: D:\stm32\C51\BIN\C51.EXE Timer0.c OPTIMIZE(8,SPEED) BROWSE DEBUG OBJECTEXTEND PRINT(.\Listings\Time
                    -r0.lst) TABS(2) OBJECT(.\Objects\Timer0.obj)

line level    source

   1          #include <REGX52.H>
   2          
   3          /**
   4            * @brief  定时器0初始化，1毫秒@12.000MHz
   5            * @param  无
   6            * @retval 无
   7            */
   8          void Timer0_Init()//初始化定义
   9          {
  10   1        TMOD &= 0xF0;   //设置定时器模式
  11   1        TMOD |= 0x01;   //设置定时器模式
  12   1        TL0 = 0x18;   //设置定时初值
  13   1        TH0 = 0xFC;   //设置定时初值
  14   1        TF0 = 0;    //清除TF0标志
  15   1        TR0 = 1;    //定时器0开始计时
  16   1        ET0=1;
  17   1        EA=1;
  18   1        PT0=0;
  19   1      }
  20          void Timer0_close()//定时器关闭
  21          {
  22   1        ET0=0;                //不允许定时器0中断
  23   1        TR0=0;                //关闭定时器0中断
  24   1        EA=0;                 //关闭总中断
  25   1      }
  26          
  27          
  28          /*定时器中断函数模板
  29          void Timer0_Routine() interrupt 1
  30          {
  31            static unsigned int T0Count;
  32            TL0 = 0x18;   //设置定时初值
  33            TH0 = 0xFC;   //设置定时初值
  34            T0Count++;
  35            if(T0Count>=1000)
  36            {
  37              T0Count=0;
  38              
  39            }
  40          }
  41          */


MODULE INFORMATION:   STATIC OVERLAYABLE
   CODE SIZE        =     30    ----
   CONSTANT SIZE    =   ----    ----
   XDATA SIZE       =   ----    ----
   PDATA SIZE       =   ----    ----
   DATA SIZE        =   ----    ----
   IDATA SIZE       =   ----    ----
   BIT SIZE         =   ----    ----
END OF MODULE INFORMATION.


C51 COMPILATION COMPLETE.  0 WARNING(S),  0 ERROR(S)
